\BOOKMARK [1][-]{section.1}{Introduction}{}% 1
\BOOKMARK [1][-]{section.2}{Prerequisites}{}% 2
\BOOKMARK [2][-]{subsection.2.1}{Required Software}{section.2}% 3
\BOOKMARK [2][-]{subsection.2.2}{Additional Software for Windows}{section.2}% 4
\BOOKMARK [2][-]{subsection.2.3}{Required Libraries}{section.2}% 5
\BOOKMARK [2][-]{subsection.2.4}{Declaring Variables}{section.2}% 6
\BOOKMARK [1][-]{section.3}{Installing G4EMMA}{}% 7
\BOOKMARK [2][-]{subsection.3.1}{Downloading}{section.3}% 8
\BOOKMARK [2][-]{subsection.3.2}{Compiling}{section.3}% 9
\BOOKMARK [2][-]{subsection.3.3}{Building}{section.3}% 10
\BOOKMARK [2][-]{subsection.3.4}{Opening G4EMMA}{section.3}% 11
\BOOKMARK [2][-]{subsection.3.5}{Controlling and Starting the Simulation}{section.3}% 12
\BOOKMARK [3][-]{subsubsection.3.5.1}{Descriptions of Simulation Commands \(Naomi Galinski\)}{subsection.3.5}% 13
\BOOKMARK [1][-]{section.4}{Output and Results}{}% 14
\BOOKMARK [2][-]{subsection.4.1}{Output File}{section.4}% 15
\BOOKMARK [2][-]{subsection.4.2}{ROOT}{section.4}% 16
\BOOKMARK [1][-]{section.5}{How the program works \(Naomi Galinski\)}{}% 17
\BOOKMARK [2][-]{subsection.5.1}{Main Program}{section.5}% 18
\BOOKMARK [2][-]{subsection.5.2}{User Initialization Classes}{section.5}% 19
\BOOKMARK [3][-]{subsubsection.5.2.1}{DetectorConstruction}{subsection.5.2}% 20
\BOOKMARK [3][-]{subsubsection.5.2.2}{EMMAPhysicsList}{subsection.5.2}% 21
\BOOKMARK [2][-]{subsection.5.3}{User Action Classes}{section.5}% 22
\BOOKMARK [2][-]{subsection.5.4}{EMMAPrimaryGeneratorAction}{section.5}% 23
\BOOKMARK [2][-]{subsection.5.5}{EMMASteppingAction}{section.5}% 24
\BOOKMARK [2][-]{subsection.5.6}{EMMAEventAction}{section.5}% 25
\BOOKMARK [1][-]{section.6}{Function-to-File Quick Reference}{}% 26
\BOOKMARK [1][-]{section.7}{Appendix}{}% 27
\BOOKMARK [2][-]{subsection.7.1}{Log of Changes Made Since G4EMMA 1.7}{section.7}% 28
\BOOKMARK [3][-]{subsubsection.7.1.1}{Documentation and Organization}{subsection.7.1}% 29
\BOOKMARK [3][-]{subsubsection.7.1.2}{Modifications to Structure}{subsection.7.1}% 30
\BOOKMARK [3][-]{subsubsection.7.1.3}{Reproducing Calibration Data}{subsection.7.1}% 31
